<?xml version="1.0" encoding="utf-8"?><testsuites><testsuite name="pytest" errors="0" failures="0" skipped="0" tests="12" time="0.884" timestamp="2026-03-06T18:27:35.977139" hostname="ip-172-31-10-112"><testcase classname="test_api" name="test_status_code" time="0.068" /><testcase classname="test_api" name="test_response_contains_title" time="0.053" /><testcase classname="test_api" name="test_response_time" time="0.052" /><testcase classname="test_api" name="test_edge_cases[100-200]" time="0.056" /><testcase classname="test_api" name="test_edge_cases[101-404]" time="0.075" /><testcase classname="test_api" name="test_edge_cases[0-404]" time="0.062" /><testcase classname="test_api" name="test_edge_cases[999999-404]" time="0.096" /><testcase classname="test_api" name="test_negative_invalid_ids[abc]" time="0.054" /><testcase classname="test_api" name="test_negative_invalid_ids[-1]" time="0.056" /><testcase classname="test_api" name="test_negative_invalid_ids[%]" time="0.082" /><testcase classname="test_api" name="test_negative_wrong_method" time="0.070" /><testcase classname="test_api" name="test_negative_invalid_accept_header" time="0.064" /></testsuite></testsuites>